[2025-10-09 22:26:47] [main] INFO  com.xae_xii.Main - Bot started...
[2025-10-09 22:26:57] [XAE_Xii_808Bot Telegram Executor] INFO  com.xae_xii.DB - Invalid username by 7432819887
[2025-10-09 22:27:01] [XAE_Xii_808Bot Telegram Executor] INFO  com.xae_xii.DB - Invalid username by 7432819887
[2025-10-09 22:27:05] [XAE_Xii_808Bot Telegram Executor] INFO  com.xae_xii.DB - Invalid username by 7432819887
[2025-10-09 22:27:26] [XAE_Xii_808Bot Telegram Executor] INFO  com.xae_xii.DB - User x11-b found...
[2025-10-09 22:27:26] [XAE_Xii_808Bot Telegram Executor] INFO  com.xae_xii.Auth - Current TOTP code: 526527
[2025-10-09 22:27:26] [XAE_Xii_808Bot Telegram Executor] INFO  com.xae_xii.Main - Log in successful by 7432819887
[2025-10-09 23:23:59] [main] INFO  com.xae_xii.Main - Bot started...
[2025-10-09 23:24:04] [XAE_Xii_808Bot Telegram Executor] INFO  com.xae_xii.DB - Invalid username by 7432819887
[2025-10-09 23:24:06] [XAE_Xii_808Bot Telegram Executor] INFO  com.xae_xii.DB - Invalid username by 7432819887
[2025-10-09 23:24:26] [XAE_Xii_808Bot Telegram Executor] INFO  com.xae_xii.DB - User x11-b found...
[2025-10-09 23:24:26] [XAE_Xii_808Bot Telegram Executor] INFO  com.xae_xii.Auth - Current TOTP code: 93876
[2025-10-09 23:24:26] [XAE_Xii_808Bot Telegram Executor] INFO  com.xae_xii.Main - Log in successful by 7432819887
[2025-10-09 23:26:43] [main] INFO  com.xae_xii.Main - Bot started...
[2025-10-09 23:27:05] [XAE_Xii_808Bot Telegram Executor] INFO  com.xae_xii.DB - Invalid username by 7432819887
[2025-10-11 20:58:39] [main] INFO  com.xae_xii.Main - Bot started...
[2025-10-11 20:59:06] [XAE_Xii_808Bot Telegram Executor] INFO  com.xae_xii.DB - Invalid username by 7432819887
[2025-10-11 20:59:12] [XAE_Xii_808Bot Telegram Executor] INFO  com.xae_xii.DB - Invalid username by 7432819887
[2025-10-11 20:59:17] [XAE_Xii_808Bot Telegram Executor] INFO  com.xae_xii.DB - Invalid username by 7432819887
[2025-10-11 20:59:43] [main] INFO  com.xae_xii.Main - Bot started...
[2025-10-11 20:59:47] [XAE_Xii_808Bot Telegram Executor] ERROR com.xae_xii.DB - Dtabase error java.sql.SQLSyntaxErrorException: Access denied for user 'a3on'@'localhost' to database 'x11'
[2025-10-11 21:02:52] [main] INFO  com.xae_xii.Main - Bot started...
[2025-10-11 21:02:59] [XAE_Xii_808Bot Telegram Executor] ERROR com.xae_xii.DB - Dtabase error java.sql.SQLSyntaxErrorException: Access denied for user 'a3on'@'localhost' to database 'x11'
[2025-10-11 21:05:44] [main] INFO  com.xae_xii.Main - Bot started...
[2025-10-11 21:05:47] [XAE_Xii_808Bot Telegram Executor] ERROR com.xae_xii.DB - Dtabase error java.sql.SQLSyntaxErrorException: Access denied for user 'a3on'@'%' to database 'x11'
[2025-10-11 21:07:23] [main] INFO  com.xae_xii.Main - Bot started...
[2025-10-11 21:07:27] [XAE_Xii_808Bot Telegram Executor] ERROR com.xae_xii.DB - Dtabase error java.sql.SQLSyntaxErrorException: Access denied for user 'a3on'@'localhost' to database 'x11'
[2025-10-11 21:08:41] [XAE_Xii_808Bot Telegram Executor] INFO  com.xae_xii.DB - Invalid username by 7432819887
[2025-10-11 21:08:55] [XAE_Xii_808Bot Telegram Executor] INFO  com.xae_xii.DB - User x11-b found...
[2025-10-11 21:09:13] [XAE_Xii_808Bot Telegram Executor] INFO  com.xae_xii.DB - Invalid username by 7432819887
[2025-10-11 21:12:09] [main] INFO  com.xae_xii.Main - Bot started...
[2025-10-11 21:12:13] [XAE_Xii_808Bot Telegram Executor] INFO  com.xae_xii.DB - Invalid username by 7432819887
[2025-10-11 21:12:13] [XAE_Xii_808Bot Telegram Executor] INFO  com.xae_xii.DB - Invalid username by 7432819887
[2025-10-11 21:12:20] [main] INFO  com.xae_xii.Main - Bot started...
[2025-10-11 21:12:21] [XAE_Xii_808Bot Telegram Executor] INFO  com.xae_xii.DB - Invalid username by 7432819887
[2025-10-11 21:12:21] [XAE_Xii_808Bot Telegram Executor] INFO  com.xae_xii.DB - Invalid username by 7432819887
[2025-10-11 21:12:24] [XAE_Xii_808Bot Telegram Executor] INFO  com.xae_xii.DB - Invalid username by 7432819887
[2025-10-11 21:12:24] [XAE_Xii_808Bot Telegram Executor] INFO  com.xae_xii.DB - Invalid username by 7432819887
[2025-10-11 21:12:35] [XAE_Xii_808Bot Telegram Executor] INFO  com.xae_xii.DB - User x11-b found...
[2025-10-11 21:12:35] [XAE_Xii_808Bot Telegram Executor] INFO  com.xae_xii.Auth - Current TOTP code: 321657
[2025-10-11 21:12:35] [XAE_Xii_808Bot Telegram Executor] INFO  com.xae_xii.DB - User x11-b found...
[2025-10-11 21:12:59] [main] INFO  com.xae_xii.Main - Bot started...
[2025-10-11 21:13:03] [XAE_Xii_808Bot Telegram Executor] INFO  com.xae_xii.DB - Invalid username by 7432819887
[2025-10-11 21:13:03] [XAE_Xii_808Bot Telegram Executor] INFO  com.xae_xii.DB - Invalid username by 7432819887
[2025-10-11 21:13:10] [XAE_Xii_808Bot Telegram Executor] INFO  com.xae_xii.DB - User x11-b found...
[2025-10-11 21:13:31] [XAE_Xii_808Bot Telegram Executor] INFO  com.xae_xii.DB - User x11-b found...
[2025-10-11 21:13:31] [XAE_Xii_808Bot Telegram Executor] INFO  com.xae_xii.Auth - Current TOTP code: 804650
[2025-10-11 21:13:31] [XAE_Xii_808Bot Telegram Executor] INFO  com.xae_xii.DB - User x11-b found...
[2025-10-11 21:14:08] [XAE_Xii_808Bot Telegram Executor] INFO  com.xae_xii.DB - User x11-b found...
[2025-10-11 21:14:08] [XAE_Xii_808Bot Telegram Executor] INFO  com.xae_xii.Auth - Current TOTP code: 679710
[2025-10-11 21:14:08] [XAE_Xii_808Bot Telegram Executor] INFO  com.xae_xii.Main - Log in successful by 7432819887
[2025-10-11 22:01:48] [main] INFO  com.xae_xii.Main - Bot started...
[2025-10-11 22:01:54] [XAE_Xii_808Bot Telegram Executor] INFO  com.xae_xii.DB - Invalid username by 7432819887
[2025-10-11 22:01:54] [XAE_Xii_808Bot Telegram Executor] INFO  com.xae_xii.DB - Invalid username by 7432819887
[2025-10-11 22:01:57] [XAE_Xii_808Bot Telegram Executor] INFO  com.xae_xii.DB - Invalid username by 7432819887
[2025-10-11 22:01:57] [XAE_Xii_808Bot Telegram Executor] INFO  com.xae_xii.DB - Invalid username by 7432819887
[2025-10-11 22:02:07] [XAE_Xii_808Bot Telegram Executor] INFO  com.xae_xii.DB - User x11-b found...
[2025-10-11 22:02:07] [XAE_Xii_808Bot Telegram Executor] INFO  com.xae_xii.Auth - Current TOTP code: 845497
[2025-10-11 22:02:07] [XAE_Xii_808Bot Telegram Executor] INFO  com.xae_xii.DB - User x11-b found...
[2025-10-11 22:02:25] [XAE_Xii_808Bot Telegram Executor] INFO  com.xae_xii.DB - User x11-b found...
[2025-10-11 22:02:25] [XAE_Xii_808Bot Telegram Executor] INFO  com.xae_xii.Auth - Current TOTP code: 845497
[2025-10-11 22:02:25] [XAE_Xii_808Bot Telegram Executor] INFO  com.xae_xii.DB - User x11-b found...
[2025-10-11 22:02:38] [XAE_Xii_808Bot Telegram Executor] INFO  com.xae_xii.DB - User x11-b found...
[2025-10-11 22:02:38] [XAE_Xii_808Bot Telegram Executor] INFO  com.xae_xii.Auth - Current TOTP code: 757108
[2025-10-11 22:02:38] [XAE_Xii_808Bot Telegram Executor] INFO  com.xae_xii.Main - Log in successful by 7432819887
[2025-10-11 22:02:38] [XAE_Xii_808Bot Telegram Executor] ERROR com.xae_xii.DB - Database error java.sql.SQLException: Access denied for user 'x11-b'@'localhost' (using password: YES)
[2025-10-11 22:04:21] [main] INFO  com.xae_xii.Main - Bot started...
[2025-10-11 22:04:38] [XAE_Xii_808Bot Telegram Executor] INFO  com.xae_xii.DB - User x11-b found...
[2025-10-11 22:04:38] [XAE_Xii_808Bot Telegram Executor] INFO  com.xae_xii.Auth - Current TOTP code: 695584
[2025-10-11 22:04:38] [XAE_Xii_808Bot Telegram Executor] INFO  com.xae_xii.Main - Log in successful by 7432819887
[2025-10-11 22:04:38] [XAE_Xii_808Bot Telegram Executor] ERROR com.xae_xii.DB - Database error java.sql.SQLException: Before start of result set
[2025-10-11 22:06:43] [main] INFO  com.xae_xii.Main - Bot started...
[2025-10-11 22:07:10] [XAE_Xii_808Bot Telegram Executor] INFO  com.xae_xii.DB - User x11-b found...
[2025-10-11 22:07:10] [XAE_Xii_808Bot Telegram Executor] INFO  com.xae_xii.Auth - Current TOTP code: 426569
[2025-10-11 22:07:10] [XAE_Xii_808Bot Telegram Executor] INFO  com.xae_xii.DB - User x11-b found...
[2025-10-11 22:08:36] [main] INFO  com.xae_xii.Main - Bot started...
[2025-10-11 22:09:07] [XAE_Xii_808Bot Telegram Executor] INFO  com.xae_xii.DB - User x11-b found...
[2025-10-11 22:09:07] [XAE_Xii_808Bot Telegram Executor] INFO  com.xae_xii.Auth - Current TOTP code: 965973
[2025-10-11 22:09:07] [XAE_Xii_808Bot Telegram Executor] INFO  com.xae_xii.DB - User x11-b found...
[2025-10-11 22:13:42] [main] INFO  com.xae_xii.Main - Bot started...
[2025-10-11 22:15:06] [XAE_Xii_808Bot Telegram Executor] INFO  com.xae_xii.DB - User x11-b found...
[2025-10-11 22:15:06] [XAE_Xii_808Bot Telegram Executor] INFO  com.xae_xii.Auth - Current TOTP code: 272205
[2025-10-11 22:15:06] [XAE_Xii_808Bot Telegram Executor] INFO  com.xae_xii.DB - User x11-b found...
[2025-10-11 22:15:39] [XAE_Xii_808Bot Telegram Executor] INFO  com.xae_xii.DB - User x11-b found...
[2025-10-11 22:15:39] [XAE_Xii_808Bot Telegram Executor] INFO  com.xae_xii.Auth - Current TOTP code: 300807
[2025-10-11 22:15:39] [XAE_Xii_808Bot Telegram Executor] INFO  com.xae_xii.Main - Log in successful by 7432819887
[2025-10-12 20:53:40] [main] INFO  com.xae_xii.Main - Bot started...
[2025-10-12 20:53:41] [XAE_Xii_808Bot Telegram Executor] INFO  com.xae_xii.DB - Invalid username by 7432819887
[2025-10-12 20:53:41] [XAE_Xii_808Bot Telegram Executor] INFO  com.xae_xii.DB - Invalid username by 7432819887
[2025-10-12 20:55:35] [XAE_Xii_808Bot Telegram Executor] INFO  com.xae_xii.DB - Invalid username by 7432819887
[2025-10-12 20:55:35] [XAE_Xii_808Bot Telegram Executor] INFO  com.xae_xii.DB - Invalid username by 7432819887
[2025-10-12 20:55:50] [XAE_Xii_808Bot Telegram Executor] INFO  com.xae_xii.DB - User x11-b found...
[2025-10-12 20:55:50] [XAE_Xii_808Bot Telegram Executor] INFO  com.xae_xii.Auth - Current TOTP code: 238722
[2025-10-12 20:55:50] [XAE_Xii_808Bot Telegram Executor] INFO  com.xae_xii.DB - User x11-b found...
[2025-10-12 20:56:09] [XAE_Xii_808Bot Telegram Executor] INFO  com.xae_xii.DB - User x11-b found...
[2025-10-12 20:56:09] [XAE_Xii_808Bot Telegram Executor] INFO  com.xae_xii.Auth - Current TOTP code: 457508
[2025-10-12 20:56:09] [XAE_Xii_808Bot Telegram Executor] INFO  com.xae_xii.DB - User x11-b found...
[2025-10-12 20:56:21] [XAE_Xii_808Bot Telegram Executor] INFO  com.xae_xii.DB - User x11-b found...
[2025-10-12 20:56:21] [XAE_Xii_808Bot Telegram Executor] INFO  com.xae_xii.Auth - Current TOTP code: 457508
[2025-10-12 20:56:21] [XAE_Xii_808Bot Telegram Executor] INFO  com.xae_xii.Main - Log in successful by 7432819887
